\BOOKMARK [1][-]{section.7}{Teoria dei Gruppi}{}% 1
\BOOKMARK [2][-]{subsection.7.1}{Automorfismi e Azioni}{section.7}% 2
\BOOKMARK [2][-]{subsection.7.2}{Formula delle Classi e Cauchy}{section.7}% 3
\BOOKMARK [2][-]{subsection.7.3}{Gruppi Diedrali \040Dn }{section.7}% 4
\BOOKMARK [2][-]{subsection.7.4}{Gruppi di Permutazioni \040Sn }{section.7}% 5
\BOOKMARK [2][-]{subsection.7.5}{Prodotti diretti}{section.7}% 6
\BOOKMARK [2][-]{subsection.7.6}{Classificazione dei Gruppi di ordine 8}{section.7}% 7
\BOOKMARK [2][-]{subsection.7.7}{Lemmi vari}{section.7}% 8
\BOOKMARK [2][-]{subsection.7.8}{Prodotto Semidiretto}{section.7}% 9
\BOOKMARK [3][-]{subsubsection.7.8.1}{Classificazione dei gruppi di ordine pq}{subsection.7.8}% 10
\BOOKMARK [2][-]{subsection.7.9}{Teorema di Sylow}{section.7}% 11
\BOOKMARK [3][-]{subsubsection.7.9.1}{Classificazione dei gruppi di ordine 12}{subsection.7.9}% 12
\BOOKMARK [2][-]{subsection.7.10}{Automorfismi di un gruppo buffo}{section.7}% 13
\BOOKMARK [2][-]{subsection.7.11}{Teorema Fondamentale dei Gruppi Abeliani Finiti}{section.7}% 14
\BOOKMARK [3][-]{subsubsection.7.11.1}{Classificazione dei Gruppi di Ordine 30}{subsection.7.11}% 15
\BOOKMARK [2][-]{subsection.7.12}{Lemmini ed esercizietti}{section.7}% 16
\BOOKMARK [1][-]{section.1}{Anelli}{}% 17
\BOOKMARK [2][-]{subsection.1.1}{Prime definizioni}{section.1}% 18
\BOOKMARK [3][-]{subsubsection.1.1.1}{Anelli di polinomi}{subsection.1.1}% 19
\BOOKMARK [2][-]{subsection.1.2}{Fatti su Ideali}{section.1}% 20
\BOOKMARK [3][-]{subsubsection.1.2.1}{Fatti sul radicale}{subsection.1.2}% 21
\BOOKMARK [3][-]{subsubsection.1.2.2}{Prodotto diretto tra anelli}{subsection.1.2}% 22
\BOOKMARK [3][-]{subsubsection.1.2.3}{Estensione e Contrazione di Ideali}{subsection.1.2}% 23
\BOOKMARK [2][-]{subsection.1.3}{Domini}{section.1}% 24
\BOOKMARK [3][-]{subsubsection.1.3.1}{Campo dei quozienti. \040Q\(A\) }{subsection.1.3}% 25
\BOOKMARK [3][-]{subsubsection.1.3.2}{Divisibilit\340.}{subsection.1.3}% 26
\BOOKMARK [2][-]{subsection.1.4}{Domini Speciali}{section.1}% 27
\BOOKMARK [3][-]{subsubsection.1.4.1}{Dominio Euclideo}{subsection.1.4}% 28
\BOOKMARK [3][-]{subsubsection.1.4.2}{Dominio a Ideali Principali}{subsection.1.4}% 29
\BOOKMARK [3][-]{subsubsection.1.4.3}{Dominio a Fattorizzazione Unica}{subsection.1.4}% 30
\BOOKMARK [1][-]{section.11}{Teoria dei Campi e di Galois}{}% 31
\BOOKMARK [2][-]{subsection.11.1}{Richiami}{section.11}% 32
\BOOKMARK [2][-]{subsection.11.2}{Separabilit\340 e Normalit\340}{section.11}% 33
\BOOKMARK [2][-]{subsection.11.3}{Teoria di Galois}{section.11}% 34
